var emmm = ''
for(var a of graph.verts){
    for(var b of graph.verts){
        if(a.name!=b.name){
            var r = algorithm.minimumCost(graph, a.name, b.name)
            if(r[0]!=undefined)
                emmm += r[0].toString()+' cost:' + r[1]  +'\n'
            else
                emmm+=`不存在从${a.name}到${b.name}的旅行路径!\n`
        }
    }
}
fs.writeFileSync("minimumCost.log", emmm)


北门,仙云石,九曲桥,仙武湖,碧水亭,朝日峰,红叶亭,花卉园,一线天,观云台,飞流瀑,狮子山 cost:106
北门,狮子山,飞流瀑,观云台,一线天,花卉园,红叶亭,朝日峰,碧水亭,仙武湖,九曲桥,仙云石 cost:107
北门,狮子山,飞流瀑,观云台,碧水亭,仙武湖,仙云石,九曲桥,朝日峰,红叶亭,花卉园,一线天 cost:112
北门,狮子山,一线天,花卉园,红叶亭,朝日峰,九曲桥,仙云石,仙武湖,碧水亭,观云台,飞流瀑 cost:113
北门,仙云石,九曲桥,朝日峰,红叶亭,花卉园,一线天,狮子山,飞流瀑,观云台,碧水亭,仙武湖 cost:114
北门,狮子山,飞流瀑,观云台,一线天,花卉园,红叶亭,朝日峰,碧水亭,仙武湖,仙云石,九曲桥 cost:104
北门,仙云石,九曲桥,仙武湖,碧水亭,朝日峰,红叶亭,花卉园,一线天,狮子山,飞流瀑,观云台 cost:102
北门,仙云石,九曲桥,仙武湖,碧水亭,朝日峰,红叶亭,观云台,飞流瀑,狮子山,一线天,花卉园 cost:108
北门,仙云石,仙武湖,九曲桥,朝日峰,碧水亭,观云台,飞流瀑,狮子山,一线天,花卉园,红叶亭 cost:107
北门,仙云石,仙武湖,九曲桥,朝日峰,红叶亭,花卉园,一线天,狮子山,飞流瀑,观云台,碧水亭 cost:100
北门,仙云石,九曲桥,仙武湖,碧水亭,观云台,飞流瀑,狮子山,一线天,花卉园,红叶亭,朝日峰 cost:101
狮子山,飞流瀑,观云台,一线天,花卉园,红叶亭,朝日峰,碧水亭,仙武湖,九曲桥,仙云石,北门 cost:106
不存在从狮子山到仙云石的旅行路径!
不存在从狮子山到一线天的旅行路径!
狮子山,北门,仙云石,九曲桥,仙武湖,碧水亭,朝日峰,红叶亭,花卉园,一线天,观云台,飞流瀑 cost:109
不存在从狮子山到仙武湖的旅行路径!
不存在从狮子山到九曲桥的旅行路径!
不存在从狮子山到观云台的旅行路径!
不存在从狮子山到花卉园的旅行路径!
不存在从狮子山到红叶亭的旅行路径!
不存在从狮子山到碧水亭的旅行路径!
不存在从狮子山到朝日峰的旅行路径!
仙云石,九曲桥,仙武湖,碧水亭,朝日峰,红叶亭,花卉园,一线天,观云台,飞流瀑,狮子山,北门 cost:107
不存在从仙云石到狮子山的旅行路径!
仙云石,北门,狮子山,飞流瀑,观云台,碧水亭,仙武湖,九曲桥,朝日峰,红叶亭,花卉园,一线天 cost:118
仙云石,北门,狮子山,一线天,花卉园,红叶亭,朝日峰,九曲桥,仙武湖,碧水亭,观云台,飞流瀑 cost:119
不存在从仙云石到仙武湖的旅行路径!
仙云石,北门,狮子山,飞流瀑,观云台,一线天,花卉园,红叶亭,朝日峰,碧水亭,仙武湖,九曲桥 cost:110
不存在从仙云石到观云台的旅行路径!
不存在从仙云石到花卉园的旅行路径!
不存在从仙云石到红叶亭的旅行路径!
仙云石,北门,狮子山,飞流瀑,观云台,一线天,花卉园,红叶亭,朝日峰,九曲桥,仙武湖,碧水亭 cost:113
不存在从仙云石到朝日峰的旅行路径!
一线天,花卉园,红叶亭,朝日峰,九曲桥,仙云石,仙武湖,碧水亭,观云台,飞流瀑,狮子山,北门 cost:112
不存在从一线天到狮子山的旅行路径!
一线天,花卉园,红叶亭,朝日峰,九曲桥,仙武湖,碧水亭,观云台,飞流瀑,狮子山,北门,仙云石 cost:118
一线天,花卉园,红叶亭,观云台,碧水亭,朝日峰,九曲桥,仙武湖,仙云石,北门,狮子山,飞流瀑 cost:121
一线天,花卉园,红叶亭,朝日峰,碧水亭,观云台,飞流瀑,狮子山,北门,仙云石,九曲桥,仙武湖 cost:100
一线天,花卉园,红叶亭,朝日峰,碧水亭,观云台,飞流瀑,狮子山,北门,仙云石,仙武湖,九曲桥 cost:99
一线天,花卉园,红叶亭,朝日峰,碧水亭,仙武湖,九曲桥,仙云石,北门,狮子山,飞流瀑,观云台 cost:104
一线天,观云台,飞流瀑,狮子山,北门,仙云石,九曲桥,仙武湖,碧水亭,朝日峰,红叶亭,花卉园 cost:105
不存在从一线天到红叶亭的旅行路径!
一线天,花卉园,红叶亭,朝日峰,九曲桥,仙武湖,仙云石,北门,狮子山,飞流瀑,观云台,碧水亭 cost:102
一线天,花卉园,红叶亭,观云台,飞流瀑,狮子山,北门,仙云石,九曲桥,仙武湖,碧水亭,朝日峰 cost:109
飞流瀑,观云台,碧水亭,仙武湖,仙云石,九曲桥,朝日峰,红叶亭,花卉园,一线天,狮子山,北门 cost:113
飞流瀑,观云台,一线天,花卉园,红叶亭,朝日峰,碧水亭,仙武湖,九曲桥,仙云石,北门,狮子山 cost:109
飞流瀑,观云台,碧水亭,仙武湖,九曲桥,朝日峰,红叶亭,花卉园,一线天,狮子山,北门,仙云石 cost:119
飞流瀑,狮子山,北门,仙云石,仙武湖,九曲桥,朝日峰,碧水亭,观云台,红叶亭,花卉园,一线天 cost:121
飞流瀑,观云台,碧水亭,朝日峰,红叶亭,花卉园,一线天,狮子山,北门,仙云石,九曲桥,仙武湖 cost:101
飞流瀑,观云台,碧水亭,朝日峰,红叶亭,花卉园,一线天,狮子山,北门,仙云石,仙武湖,九曲桥 cost:100
飞流瀑,狮子山,北门,仙云石,九曲桥,仙武湖,碧水亭,朝日峰,红叶亭,花卉园,一线天,观云台 cost:112
飞流瀑,观云台,一线天,狮子山,北门,仙云石,九曲桥,仙武湖,碧水亭,朝日峰,红叶亭,花卉园 cost:106
飞流瀑,观云台,碧水亭,朝日峰,九曲桥,仙武湖,仙云石,北门,狮子山,一线天,花卉园,红叶亭 cost:110
飞流瀑,观云台,红叶亭,花卉园,一线天,狮子山,北门,仙云石,仙武湖,九曲桥,朝日峰,碧水亭 cost:109
飞流瀑,观云台,碧水亭,仙武湖,九曲桥,仙云石,北门,狮子山,一线天,花卉园,红叶亭,朝日峰 cost:104
仙武湖,碧水亭,观云台,飞流瀑,狮子山,一线天,花卉园,红叶亭,朝日峰,九曲桥,仙云石,北门 cost:114
不存在从仙武湖到狮子山的旅行路径!
不存在从仙武湖到仙云石的旅行路径!
仙武湖,九曲桥,仙云石,北门,狮子山,飞流瀑,观云台,碧水亭,朝日峰,红叶亭,花卉园,一线天 cost:100
仙武湖,九曲桥,仙云石,北门,狮子山,一线天,花卉园,红叶亭,朝日峰,碧水亭,观云台,飞流瀑 cost:101
仙武湖,碧水亭,朝日峰,红叶亭,花卉园,一线天,观云台,飞流瀑,狮子山,北门,仙云石,九曲桥 cost:108
不存在从仙武湖到观云台的旅行路径!
不存在从仙武湖到花卉园的旅行路径!
仙武湖,碧水亭,朝日峰,九曲桥,仙云石,北门,狮子山,飞流瀑,观云台,一线天,花卉园,红叶亭 cost:118
仙武湖,九曲桥,仙云石,北门,狮子山,飞流瀑,观云台,一线天,花卉园,红叶亭,朝日峰,碧水亭 cost:95
不存在从仙武湖到朝日峰的旅行路径!
九曲桥,仙云石,仙武湖,碧水亭,朝日峰,红叶亭,花卉园,一线天,观云台,飞流瀑,狮子山,北门 cost:104
不存在从九曲桥到狮子山的旅行路径!
九曲桥,仙武湖,碧水亭,朝日峰,红叶亭,花卉园,一线天,观云台,飞流瀑,狮子山,北门,仙云石 cost:110
九曲桥,仙武湖,仙云石,北门,狮子山,飞流瀑,观云台,碧水亭,朝日峰,红叶亭,花卉园,一线天 cost:99
九曲桥,仙武湖,仙云石,北门,狮子山,一线天,花卉园,红叶亭,朝日峰,碧水亭,观云台,飞流瀑 cost:100
九曲桥,仙云石,北门,狮子山,飞流瀑,观云台,一线天,花卉园,红叶亭,朝日峰,碧水亭,仙武湖 cost:108
不存在从九曲桥到观云台的旅行路径!
不存在从九曲桥到花卉园的旅行路径!
九曲桥,朝日峰,碧水亭,仙武湖,仙云石,北门,狮子山,飞流瀑,观云台,一线天,花卉园,红叶亭 cost:117
九曲桥,仙武湖,仙云石,北门,狮子山,飞流瀑,观云台,一线天,花卉园,红叶亭,朝日峰,碧水亭 cost:94
不存在从九曲桥到朝日峰的旅行路径!
观云台,飞流瀑,狮子山,一线天,花卉园,红叶亭,朝日峰,碧水亭,仙武湖,九曲桥,仙云石,北门 cost:102
不存在从观云台到狮子山的旅行路径!
不存在从观云台到仙云石的旅行路径!
观云台,飞流瀑,狮子山,北门,仙云石,九曲桥,仙武湖,碧水亭,朝日峰,红叶亭,花卉园,一线天 cost:104
观云台,一线天,花卉园,红叶亭,朝日峰,碧水亭,仙武湖,九曲桥,仙云石,北门,狮子山,飞流瀑 cost:112
不存在从观云台到仙武湖的旅行路径!
不存在从观云台到九曲桥的旅行路径!
不存在从观云台到花卉园的旅行路径!
不存在从观云台到红叶亭的旅行路径!
不存在从观云台到碧水亭的旅行路径!
不存在从观云台到朝日峰的旅行路径!
花卉园,一线天,狮子山,飞流瀑,观云台,红叶亭,朝日峰,碧水亭,仙武湖,九曲桥,仙云石,北门 cost:108
不存在从花卉园到狮子山的旅行路径!
不存在从花卉园到仙云石的旅行路径!
花卉园,红叶亭,朝日峰,碧水亭,仙武湖,九曲桥,仙云石,北门,狮子山,飞流瀑,观云台,一线天 cost:105
花卉园,红叶亭,朝日峰,碧水亭,仙武湖,九曲桥,仙云石,北门,狮子山,一线天,观云台,飞流瀑 cost:106
不存在从花卉园到仙武湖的旅行路径!
不存在从花卉园到九曲桥的旅行路径!
不存在从花卉园到观云台的旅行路径!
花卉园,一线天,观云台,飞流瀑,狮子山,北门,仙云石,九曲桥,仙武湖,碧水亭,朝日峰,红叶亭 cost:106
不存在从花卉园到碧水亭的旅行路径!
不存在从花卉园到朝日峰的旅行路径!
红叶亭,花卉园,一线天,狮子山,飞流瀑,观云台,碧水亭,朝日峰,九曲桥,仙武湖,仙云石,北门 cost:107
不存在从红叶亭到狮子山的旅行路径!
不存在从红叶亭到仙云石的旅行路径!
不存在从红叶亭到一线天的旅行路径!
红叶亭,花卉园,一线天,狮子山,北门,仙云石,仙武湖,九曲桥,朝日峰,碧水亭,观云台,飞流瀑 cost:110
红叶亭,花卉园,一线天,观云台,飞流瀑,狮子山,北门,仙云石,九曲桥,朝日峰,碧水亭,仙武湖 cost:118
红叶亭,花卉园,一线天,观云台,飞流瀑,狮子山,北门,仙云石,仙武湖,碧水亭,朝日峰,九曲桥 cost:117
不存在从红叶亭到观云台的旅行路径!
红叶亭,朝日峰,碧水亭,仙武湖,九曲桥,仙云石,北门,狮子山,飞流瀑,观云台,一线天,花卉园 cost:106
红叶亭,花卉园,一线天,观云台,飞流瀑,狮子山,北门,仙云石,仙武湖,九曲桥,朝日峰,碧水亭 cost:104
红叶亭,花卉园,一线天,观云台,飞流瀑,狮子山,北门,仙云石,九曲桥,仙武湖,碧水亭,朝日峰 cost:105
碧水亭,观云台,飞流瀑,狮子山,一线天,花卉园,红叶亭,朝日峰,九曲桥,仙武湖,仙云石,北门 cost:100
不存在从碧水亭到狮子山的旅行路径!
碧水亭,仙武湖,九曲桥,朝日峰,红叶亭,花卉园,一线天,观云台,飞流瀑,狮子山,北门,仙云石 cost:113
碧水亭,观云台,飞流瀑,狮子山,北门,仙云石,仙武湖,九曲桥,朝日峰,红叶亭,花卉园,一线天 cost:102
碧水亭,朝日峰,九曲桥,仙武湖,仙云石,北门,狮子山,一线天,花卉园,红叶亭,观云台,飞流瀑 cost:109
碧水亭,朝日峰,红叶亭,花卉园,一线天,观云台,飞流瀑,狮子山,北门,仙云石,九曲桥,仙武湖 cost:95
碧水亭,朝日峰,红叶亭,花卉园,一线天,观云台,飞流瀑,狮子山,北门,仙云石,仙武湖,九曲桥 cost:94
不存在从碧水亭到观云台的旅行路径!
不存在从碧水亭到花卉园的旅行路径!
碧水亭,朝日峰,九曲桥,仙武湖,仙云石,北门,狮子山,飞流瀑,观云台,一线天,花卉园,红叶亭 cost:104
碧水亭,仙武湖,九曲桥,仙云石,北门,狮子山,飞流瀑,观云台,一线天,花卉园,红叶亭,朝日峰 cost:98
朝日峰,红叶亭,花卉园,一线天,狮子山,飞流瀑,观云台,碧水亭,仙武湖,九曲桥,仙云石,北门 cost:101
不存在从朝日峰到狮子山的旅行路径!
不存在从朝日峰到仙云石的旅行路径!
朝日峰,碧水亭,仙武湖,九曲桥,仙云石,北门,狮子山,飞流瀑,观云台,红叶亭,花卉园,一线天 cost:109
朝日峰,红叶亭,花卉园,一线天,狮子山,北门,仙云石,九曲桥,仙武湖,碧水亭,观云台,飞流瀑 cost:104
不存在从朝日峰到仙武湖的旅行路径!
不存在从朝日峰到九曲桥的旅行路径!
不存在从朝日峰到观云台的旅行路径!
不存在从朝日峰到花卉园的旅行路径!
朝日峰,碧水亭,仙武湖,九曲桥,仙云石,北门,狮子山,飞流瀑,观云台,一线天,花卉园,红叶亭 cost:105
朝日峰,红叶亭,花卉园,一线天,观云台,飞流瀑,狮子山,北门,仙云石,九曲桥,仙武湖,碧水亭 cost:98
